<html>
<head>
<title>TestNG:  Default test</title>
<link href="../testng.css" rel="stylesheet" type="text/css" />
<link href="../my-testng.css" rel="stylesheet" type="text/css" />

<style type="text/css">
.log { display: none;} 
.stack-trace { display: none;} 
</style>
<script type="text/javascript">
<!--
function flip(e) {
  current = e.style.display;
  if (current == 'block') {
    e.style.display = 'none';
    return 0;
  }
  else {
    e.style.display = 'block';
    return 1;
  }
}

function toggleBox(szDivId, elem, msg1, msg2)
{
  var res = -1;  if (document.getElementById) {
    res = flip(document.getElementById(szDivId));
  }
  else if (document.all) {
    // this is the way old msie versions work
    res = flip(document.all[szDivId]);
  }
  if(elem) {
    if(res == 0) elem.innerHTML = msg1; else elem.innerHTML = msg2;
  }

}

function toggleAllBoxes() {
  if (document.getElementsByTagName) {
    d = document.getElementsByTagName('div');
    for (i = 0; i < d.length; i++) {
      if (d[i].className == 'log') {
        flip(d[i]);
      }
    }
  }
}

// -->
</script>

</head>
<body>
<h2 align='center'>Default test</h2><table border='1' align="center">
<tr>
<td>Tests passed/Failed/Skipped:</td><td>16/1/0</td>
</tr><tr>
<td>Started on:</td><td>Thu Sep 04 18:41:37 IST 2025</td>
</tr>
<tr><td>Total time:</td><td>43 seconds (43213 ms)</td>
</tr><tr>
<td>Included groups:</td><td></td>
</tr><tr>
<td>Excluded groups:</td><td></td>
</tr>
</table><p/>
<small><i>(Hover the method name to see the test class name)</i></small><p/>
<table width='100%' border='1' class='invocation-failed'>
<tr><td colspan='4' align='center'><b>FAILED TESTS</b></td></tr>
<tr><td><b>Test method</b></td>
<td><b>Attribute(s)</b></td>
<td width="30%"><b>Exception</b></td>
<td width="10%"><b>Time (seconds)</b></td>
<td><b>Instance</b></td>
</tr>
<tr>
<td title='com.qa.gyruslearner.testcases.ForgotPasswordPageTestCase.forgotPasswordPageTitleTest()'><b>forgotPasswordPageTitleTest</b><br>Test class: com.qa.gyruslearner.testcases.ForgotPasswordPageTestCase</td>
<td><div><pre>java.lang.AssertionError: expected [ForgotPassword] but found []
	at org.testng.Assert.fail(Assert.java:111)
	at org.testng.Assert.failNotEquals(Assert.java:1578)
	at org.testng.Assert.assertEqualsImpl(Assert.java:150)
	at org.testng.Assert.assertEquals(Assert.java:132)
	at org.testng.Assert.assertEquals(Assert.java:656)
	at org.testng.Assert.assertEquals(Assert.java:666)
	at com.qa.gyruslearner.testcases.ForgotPasswordPageTestCase.forgotPasswordPageTitleTest(ForgotPasswordPageTestCase.java:55)
	at java.base/jdk.internal.reflect.DirectMethodHandleAccessor.invoke(DirectMethodHandleAccessor.java:103)
	at java.base/java.lang.reflect.Method.invoke(Method.java:580)
	at org.testng.internal.invokers.MethodInvocationHelper.invokeMethod(MethodInvocationHelper.java:139)
	at org.testng.internal.invokers.TestInvoker.invokeMethod(TestInvoker.java:664)
	at org.testng.internal.invokers.TestInvoker.invokeTestMethod(TestInvoker.java:228)
	at org.testng.internal.invokers.MethodRunner.runInSequence(MethodRunner.java:63)
	at org.testng.internal.invokers.TestInvoker$MethodInvocationAgent.invoke(TestInvoker.java:961)
	at org.testng.internal.invokers.TestInvoker.invokeTestMethods(TestInvoker.java:201)
	at org.testng.internal.invokers.TestMethodWorker.invokeTestMethods(TestMethodWorker.java:148)
	at org.testng.internal.invokers.TestMethodWorker.run(TestMethodWorker.java:128)
	at java.base/java.util.ArrayList.forEach(ArrayList.java:1596)
	at org.testng.TestRunner.privateRun(TestRunner.java:819)
	at org.testng.TestRunner.run(TestRunner.java:619)
	at org.testng.SuiteRunner.runTest(SuiteRunner.java:443)
	at org.testng.SuiteRunner.runSequentially(SuiteRunner.java:437)
	at org.testng.SuiteRunner.privateRun(SuiteRunner.java:397)
	at org.testng.SuiteRunner.run(SuiteRunner.java:336)
	at org.testng.SuiteRunnerWorker.runSuite(SuiteRunnerWorker.java:52)
	at org.testng.SuiteRunnerWorker.run(SuiteRunnerWorker.java:95)
	at org.testng.TestNG.runSuitesSequentially(TestNG.java:1301)
	at org.testng.TestNG.runSuitesLocally(TestNG.java:1228)
	at org.testng.TestNG.runSuites(TestNG.java:1134)
	at org.testng.TestNG.run(TestNG.java:1101)
	at org.testng.remote.AbstractRemoteTestNG.run(AbstractRemoteTestNG.java:115)
	at org.testng.remote.RemoteTestNG.initAndRun(RemoteTestNG.java:293)
	at org.testng.remote.RemoteTestNG.main(RemoteTestNG.java:91)
</pre></div><a href='#' onClick='toggleBox("stack-trace1313960293", this, "Click to show all stack frames", "Click to hide stack frames")'>Click to show all stack frames</a>
<div class='stack-trace' id='stack-trace1313960293'><pre>java.lang.AssertionError: expected [ForgotPassword] but found []
	at org.testng.Assert.fail(Assert.java:111)
	at org.testng.Assert.failNotEquals(Assert.java:1578)
	at org.testng.Assert.assertEqualsImpl(Assert.java:150)
	at org.testng.Assert.assertEquals(Assert.java:132)
	at org.testng.Assert.assertEquals(Assert.java:656)
	at org.testng.Assert.assertEquals(Assert.java:666)
	at com.qa.gyruslearner.testcases.ForgotPasswordPageTestCase.forgotPasswordPageTitleTest(ForgotPasswordPageTestCase.java:55)
	at java.base/jdk.internal.reflect.DirectMethodHandleAccessor.invoke(DirectMethodHandleAccessor.java:103)
	at java.base/java.lang.reflect.Method.invoke(Method.java:580)
	at org.testng.internal.invokers.MethodInvocationHelper.invokeMethod(MethodInvocationHelper.java:139)
	at org.testng.internal.invokers.TestInvoker.invokeMethod(TestInvoker.java:664)
	at org.testng.internal.invokers.TestInvoker.invokeTestMethod(TestInvoker.java:228)
	at org.testng.internal.invokers.MethodRunner.runInSequence(MethodRunner.java:63)
	at org.testng.internal.invokers.TestInvoker$MethodInvocationAgent.invoke(TestInvoker.java:961)
	at org.testng.internal.invokers.TestInvoker.invokeTestMethods(TestInvoker.java:201)
	at org.testng.internal.invokers.TestMethodWorker.invokeTestMethods(TestMethodWorker.java:148)
	at org.testng.internal.invokers.TestMethodWorker.run(TestMethodWorker.java:128)
	at java.base/java.util.ArrayList.forEach(ArrayList.java:1596)
	at org.testng.TestRunner.privateRun(TestRunner.java:819)
	at org.testng.TestRunner.run(TestRunner.java:619)
	at org.testng.SuiteRunner.runTest(SuiteRunner.java:443)
	at org.testng.SuiteRunner.runSequentially(SuiteRunner.java:437)
	at org.testng.SuiteRunner.privateRun(SuiteRunner.java:397)
	at org.testng.SuiteRunner.run(SuiteRunner.java:336)
	at org.testng.SuiteRunnerWorker.runSuite(SuiteRunnerWorker.java:52)
	at org.testng.SuiteRunnerWorker.run(SuiteRunnerWorker.java:95)
	at org.testng.TestNG.runSuitesSequentially(TestNG.java:1301)
	at org.testng.TestNG.runSuitesLocally(TestNG.java:1228)
	at org.testng.TestNG.runSuites(TestNG.java:1134)
	at org.testng.TestNG.run(TestNG.java:1101)
	at org.testng.remote.AbstractRemoteTestNG.run(AbstractRemoteTestNG.java:115)
	at org.testng.remote.RemoteTestNG.initAndRun(RemoteTestNG.java:293)
	at org.testng.remote.RemoteTestNG.main(RemoteTestNG.java:91)
</pre></div></td>
<td>5</td>
<td>com.qa.gyruslearner.testcases.ForgotPasswordPageTestCase@71d44a3</td></tr>
</table><p>
<table width='100%' border='1' class='invocation-passed'>
<tr><td colspan='4' align='center'><b>PASSED TESTS</b></td></tr>
<tr><td><b>Test method</b></td>
<td><b>Attribute(s)</b></td>
<td width="30%"><b>Exception</b></td>
<td width="10%"><b>Time (seconds)</b></td>
<td><b>Instance</b></td>
</tr>
<tr>
<td title='com.qa.gyruslearner.testcases.ForgotPasswordPageTestCase.verifyPasswordOptionDisplaysUsernameAndSecurityQuestionTest()'><b>verifyPasswordOptionDisplaysUsernameAndSecurityQuestionTest</b><br>Test class: com.qa.gyruslearner.testcases.ForgotPasswordPageTestCase</td>
<td></td>
<td>0</td>
<td>com.qa.gyruslearner.testcases.ForgotPasswordPageTestCase@71d44a3</td></tr>
<tr>
<td title='com.qa.gyruslearner.testcases.ForgotPasswordPageTestCase.verifySecurityAnswerEmptyTest()'><b>verifySecurityAnswerEmptyTest</b><br>Test class: com.qa.gyruslearner.testcases.ForgotPasswordPageTestCase</td>
<td></td>
<td>0</td>
<td>com.qa.gyruslearner.testcases.ForgotPasswordPageTestCase@71d44a3</td></tr>
<tr>
<td title='com.qa.gyruslearner.testcases.ForgotPasswordPageTestCase.verifyUnregisteredEmailTest()'><b>verifyUnregisteredEmailTest</b><br>Test class: com.qa.gyruslearner.testcases.ForgotPasswordPageTestCase</td>
<td></td>
<td>2</td>
<td>com.qa.gyruslearner.testcases.ForgotPasswordPageTestCase@71d44a3</td></tr>
<tr>
<td title='com.qa.gyruslearner.testcases.ForgotPasswordPageTestCase.verifyValidUsernameAndCorrectAnswerTest()'><b>verifyValidUsernameAndCorrectAnswerTest</b><br>Test class: com.qa.gyruslearner.testcases.ForgotPasswordPageTestCase</td>
<td></td>
<td>5</td>
<td>com.qa.gyruslearner.testcases.ForgotPasswordPageTestCase@71d44a3</td></tr>
<tr>
<td title='com.qa.gyruslearner.testcases.ForgotPasswordPageTestCase.verifyForgotPasswordPageVisableAndEnableTest()'><b>verifyForgotPasswordPageVisableAndEnableTest</b><br>Test class: com.qa.gyruslearner.testcases.ForgotPasswordPageTestCase</td>
<td></td>
<td>0</td>
<td>com.qa.gyruslearner.testcases.ForgotPasswordPageTestCase@71d44a3</td></tr>
<tr>
<td title='com.qa.gyruslearner.testcases.ForgotPasswordPageTestCase.verifyRegisteredEmailTest()'><b>verifyRegisteredEmailTest</b><br>Test class: com.qa.gyruslearner.testcases.ForgotPasswordPageTestCase</td>
<td></td>
<td>2</td>
<td>com.qa.gyruslearner.testcases.ForgotPasswordPageTestCase@71d44a3</td></tr>
<tr>
<td title='com.qa.gyruslearner.testcases.ForgotPasswordPageTestCase.verifyCorrectUsernameWithWrongSecurityAnswerTest()'><b>verifyCorrectUsernameWithWrongSecurityAnswerTest</b><br>Test class: com.qa.gyruslearner.testcases.ForgotPasswordPageTestCase</td>
<td></td>
<td>1</td>
<td>com.qa.gyruslearner.testcases.ForgotPasswordPageTestCase@71d44a3</td></tr>
<tr>
<td title='com.qa.gyruslearner.testcases.ForgotPasswordPageTestCase.verifyValidationForEmptyUsernameTest()'><b>verifyValidationForEmptyUsernameTest</b><br>Test class: com.qa.gyruslearner.testcases.ForgotPasswordPageTestCase</td>
<td></td>
<td>0</td>
<td>com.qa.gyruslearner.testcases.ForgotPasswordPageTestCase@71d44a3</td></tr>
<tr>
<td title='com.qa.gyruslearner.testcases.ForgotPasswordPageTestCase.verifyIDontKnowMyUsernameShowsEmailFieldTest()'><b>verifyIDontKnowMyUsernameShowsEmailFieldTest</b><br>Test class: com.qa.gyruslearner.testcases.ForgotPasswordPageTestCase</td>
<td></td>
<td>3</td>
<td>com.qa.gyruslearner.testcases.ForgotPasswordPageTestCase@71d44a3</td></tr>
<tr>
<td title='com.qa.gyruslearner.testcases.ForgotPasswordPageTestCase.verifyInvalidUsernameShowsErrorTest()'><b>verifyInvalidUsernameShowsErrorTest</b><br>Test class: com.qa.gyruslearner.testcases.ForgotPasswordPageTestCase</td>
<td></td>
<td>1</td>
<td>com.qa.gyruslearner.testcases.ForgotPasswordPageTestCase@71d44a3</td></tr>
<tr>
<td title='com.qa.gyruslearner.testcases.ForgotPasswordPageTestCase.forgotPasswordPageUrlTest()'><b>forgotPasswordPageUrlTest</b><br>Test class: com.qa.gyruslearner.testcases.ForgotPasswordPageTestCase</td>
<td></td>
<td>9</td>
<td>com.qa.gyruslearner.testcases.ForgotPasswordPageTestCase@71d44a3</td></tr>
<tr>
<td title='com.qa.gyruslearner.testcases.ForgotPasswordPageTestCase.verifyContinueButtonDisabledUntilOptionSelectedTest()'><b>verifyContinueButtonDisabledUntilOptionSelectedTest</b><br>Test class: com.qa.gyruslearner.testcases.ForgotPasswordPageTestCase</td>
<td></td>
<td>0</td>
<td>com.qa.gyruslearner.testcases.ForgotPasswordPageTestCase@71d44a3</td></tr>
<tr>
<td title='com.qa.gyruslearner.testcases.ForgotPasswordPageTestCase.verifyBackToLoginButtonNavigatesToLoginPageTest()'><b>verifyBackToLoginButtonNavigatesToLoginPageTest</b><br>Test class: com.qa.gyruslearner.testcases.ForgotPasswordPageTestCase</td>
<td></td>
<td>1</td>
<td>com.qa.gyruslearner.testcases.ForgotPasswordPageTestCase@71d44a3</td></tr>
<tr>
<td title='com.qa.gyruslearner.testcases.ForgotPasswordPageTestCase.verifyValidationForEmptyEmailTest()'><b>verifyValidationForEmptyEmailTest</b><br>Test class: com.qa.gyruslearner.testcases.ForgotPasswordPageTestCase</td>
<td></td>
<td>2</td>
<td>com.qa.gyruslearner.testcases.ForgotPasswordPageTestCase@71d44a3</td></tr>
<tr>
<td title='com.qa.gyruslearner.testcases.ForgotPasswordPageTestCase.verifySelectedPasswordOptionContinueButtonEnabledTest()'><b>verifySelectedPasswordOptionContinueButtonEnabledTest</b><br>Test class: com.qa.gyruslearner.testcases.ForgotPasswordPageTestCase</td>
<td></td>
<td>0</td>
<td>com.qa.gyruslearner.testcases.ForgotPasswordPageTestCase@71d44a3</td></tr>
<tr>
<td title='com.qa.gyruslearner.testcases.ForgotPasswordPageTestCase.verifySelectedUserNameOptionContinueButtonEnabledTest()'><b>verifySelectedUserNameOptionContinueButtonEnabledTest</b><br>Test class: com.qa.gyruslearner.testcases.ForgotPasswordPageTestCase</td>
<td></td>
<td>0</td>
<td>com.qa.gyruslearner.testcases.ForgotPasswordPageTestCase@71d44a3</td></tr>
</table><p>
</body>
</html>