<?xml version="1.0" encoding="UTF-8"?>
<!-- Generated by org.testng.reporters.JUnitReportReporter -->
<testsuite hostname="GYRUS-231" failures="1" tests="17" name="com.qa.gyruslearner.testcases.ForgotPasswordPageTestCase" time="42.299" errors="1" timestamp="2025-09-08T11:43:36 IST" skipped="0">
  <testcase classname="com.qa.gyruslearner.testcases.ForgotPasswordPageTestCase" name="forgotPasswordPageUrlTest" time="5.912"/>
  <testcase classname="com.qa.gyruslearner.testcases.ForgotPasswordPageTestCase" name="forgotPasswordPageTitleTest" time="5.244">
    <failure message="expected [ForgotPassword] but found []" type="java.lang.AssertionError">
      <![CDATA[java.lang.AssertionError: expected [ForgotPassword] but found []
at org.testng.Assert.fail(Assert.java:111)
at org.testng.Assert.failNotEquals(Assert.java:1578)
at org.testng.Assert.assertEqualsImpl(Assert.java:150)
at org.testng.Assert.assertEquals(Assert.java:132)
at org.testng.Assert.assertEquals(Assert.java:656)
at org.testng.Assert.assertEquals(Assert.java:666)
at com.qa.gyruslearner.testcases.ForgotPasswordPageTestCase.forgotPasswordPageTitleTest(ForgotPasswordPageTestCase.java:53)
at java.base/jdk.internal.reflect.DirectMethodHandleAccessor.invoke(DirectMethodHandleAccessor.java:103)
at java.base/java.lang.reflect.Method.invoke(Method.java:580)
at org.testng.internal.invokers.MethodInvocationHelper.invokeMethod(MethodInvocationHelper.java:139)
at org.testng.internal.invokers.TestInvoker.invokeMethod(TestInvoker.java:664)
at org.testng.internal.invokers.TestInvoker.invokeTestMethod(TestInvoker.java:228)
at org.testng.internal.invokers.MethodRunner.runInSequence(MethodRunner.java:63)
at org.testng.internal.invokers.TestInvoker$MethodInvocationAgent.invoke(TestInvoker.java:961)
at org.testng.internal.invokers.TestInvoker.invokeTestMethods(TestInvoker.java:201)
at org.testng.internal.invokers.TestMethodWorker.invokeTestMethods(TestMethodWorker.java:148)
at org.testng.internal.invokers.TestMethodWorker.run(TestMethodWorker.java:128)
at java.base/java.util.ArrayList.forEach(ArrayList.java:1596)
at org.testng.TestRunner.privateRun(TestRunner.java:819)
at org.testng.TestRunner.run(TestRunner.java:619)
at org.testng.SuiteRunner.runTest(SuiteRunner.java:443)
at org.testng.SuiteRunner.runSequentially(SuiteRunner.java:437)
at org.testng.SuiteRunner.privateRun(SuiteRunner.java:397)
at org.testng.SuiteRunner.run(SuiteRunner.java:336)
at org.testng.SuiteRunnerWorker.runSuite(SuiteRunnerWorker.java:52)
at org.testng.SuiteRunnerWorker.run(SuiteRunnerWorker.java:95)
at org.testng.TestNG.runSuitesSequentially(TestNG.java:1301)
at org.testng.TestNG.runSuitesLocally(TestNG.java:1228)
at org.testng.TestNG.runSuites(TestNG.java:1134)
at org.testng.TestNG.run(TestNG.java:1101)
at org.testng.remote.AbstractRemoteTestNG.run(AbstractRemoteTestNG.java:115)
at org.testng.remote.RemoteTestNG.initAndRun(RemoteTestNG.java:293)
at org.testng.remote.RemoteTestNG.main(RemoteTestNG.java:91)
]]>
    </failure>
  </testcase> <!-- forgotPasswordPageTitleTest -->
  <testcase classname="com.qa.gyruslearner.testcases.ForgotPasswordPageTestCase" name="verifyForgotPasswordPageVisableAndEnableTest" time="0.142"/>
  <testcase classname="com.qa.gyruslearner.testcases.ForgotPasswordPageTestCase" name="verifyContinueButtonDisabledUntilOptionSelectedTest" time="0.013"/>
  <testcase classname="com.qa.gyruslearner.testcases.ForgotPasswordPageTestCase" name="verifyBackToLoginButtonNavigatesToLoginPageTest" time="0.605"/>
  <testcase classname="com.qa.gyruslearner.testcases.ForgotPasswordPageTestCase" name="verifyPasswordOptionDisplaysUsernameAndSecurityQuestionTest" time="0.540"/>
  <testcase classname="com.qa.gyruslearner.testcases.ForgotPasswordPageTestCase" name="verifySelectedPasswordOptionContinueButtonEnabledTest" time="0.042"/>
  <testcase classname="com.qa.gyruslearner.testcases.ForgotPasswordPageTestCase" name="verifyValidationForEmptyUsernameTest" time="1.142"/>
  <testcase classname="com.qa.gyruslearner.testcases.ForgotPasswordPageTestCase" name="verifySecurityAnswerEmptyTest" time="1.141"/>
  <testcase classname="com.qa.gyruslearner.testcases.ForgotPasswordPageTestCase" name="verifyCorrectUsernameWithWrongSecurityAnswerTest" time="4.421"/>
  <testcase classname="com.qa.gyruslearner.testcases.ForgotPasswordPageTestCase" name="verifyInvalidUsernameShowsErrorTest" time="2.076"/>
  <testcase classname="com.qa.gyruslearner.testcases.ForgotPasswordPageTestCase" name="verifyValidUsernameAndCorrectAnswerTest" time="6.011">
    <error message="javascript error: Cannot read properties of null (reading &#039;innerText&#039;)
  (Session info: chrome=140.0.7339.80)
Build info: version: &#039;4.27.0&#039;, revision: &#039;d6e718d134&#039;
System info: os.name: &#039;Windows 11&#039;, os.arch: &#039;amd64&#039;, os.version: &#039;10.0&#039;, java.version: &#039;21.0.8&#039;
Driver info: org.openqa.selenium.chrome.ChromeDriver
Command: [200624f962556ad844e079f9b035230b, executeScript {script=return document.querySelector(&#039;.toast, [role=&quot;alert&quot;]&#039;).innerText, args=[]}]
Capabilities {acceptInsecureCerts: false, browserName: chrome, browserVersion: 140.0.7339.80, chrome: {chromedriverVersion: 140.0.7339.80 (670b6f192f46..., userDataDir: C:\Users\DINESH~1\AppData\L...}, fedcm:accounts: true, goog:chromeOptions: {debuggerAddress: localhost:64195}, networkConnectionEnabled: false, pageLoadStrategy: normal, platformName: windows, proxy: Proxy(), se:cdp: ws://localhost:64195/devtoo..., se:cdpVersion: 140.0.7339.80, setWindowRect: true, strictFileInteractability: false, timeouts: {implicit: 0, pageLoad: 300000, script: 30000}, unhandledPromptBehavior: dismiss and notify, webauthn:extension:credBlob: true, webauthn:extension:largeBlob: true, webauthn:extension:minPinLength: true, webauthn:extension:prf: true, webauthn:virtualAuthenticators: true}
Session ID: 200624f962556ad844e079f9b035230b" type="org.openqa.selenium.JavascriptException">
      <![CDATA[org.openqa.selenium.JavascriptException: javascript error: Cannot read properties of null (reading 'innerText')
  (Session info: chrome=140.0.7339.80)
Build info: version: '4.27.0', revision: 'd6e718d134'
System info: os.name: 'Windows 11', os.arch: 'amd64', os.version: '10.0', java.version: '21.0.8'
Driver info: org.openqa.selenium.chrome.ChromeDriver
Command: [200624f962556ad844e079f9b035230b, executeScript {script=return document.querySelector('.toast, [role="alert"]').innerText, args=[]}]
Capabilities {acceptInsecureCerts: false, browserName: chrome, browserVersion: 140.0.7339.80, chrome: {chromedriverVersion: 140.0.7339.80 (670b6f192f46..., userDataDir: C:\Users\DINESH~1\AppData\L...}, fedcm:accounts: true, goog:chromeOptions: {debuggerAddress: localhost:64195}, networkConnectionEnabled: false, pageLoadStrategy: normal, platformName: windows, proxy: Proxy(), se:cdp: ws://localhost:64195/devtoo..., se:cdpVersion: 140.0.7339.80, setWindowRect: true, strictFileInteractability: false, timeouts: {implicit: 0, pageLoad: 300000, script: 30000}, unhandledPromptBehavior: dismiss and notify, webauthn:extension:credBlob: true, webauthn:extension:largeBlob: true, webauthn:extension:minPinLength: true, webauthn:extension:prf: true, webauthn:virtualAuthenticators: true}
Session ID: 200624f962556ad844e079f9b035230b
at java.base/jdk.internal.reflect.DirectConstructorHandleAccessor.newInstance(DirectConstructorHandleAccessor.java:62)
at java.base/java.lang.reflect.Constructor.newInstanceWithCaller(Constructor.java:502)
at java.base/java.lang.reflect.Constructor.newInstance(Constructor.java:486)
at org.openqa.selenium.remote.ErrorCodec.decode(ErrorCodec.java:167)
at org.openqa.selenium.remote.codec.w3c.W3CHttpResponseCodec.decode(W3CHttpResponseCodec.java:138)
at org.openqa.selenium.remote.codec.w3c.W3CHttpResponseCodec.decode(W3CHttpResponseCodec.java:50)
at org.openqa.selenium.remote.HttpCommandExecutor.execute(HttpCommandExecutor.java:190)
at org.openqa.selenium.remote.service.DriverCommandExecutor.invokeExecute(DriverCommandExecutor.java:216)
at org.openqa.selenium.remote.service.DriverCommandExecutor.execute(DriverCommandExecutor.java:174)
at org.openqa.selenium.remote.RemoteWebDriver.execute(RemoteWebDriver.java:545)
at org.openqa.selenium.remote.RemoteWebDriver.executeScript(RemoteWebDriver.java:476)
at com.qa.gyruslearner.util.JavaScriptUtil.toastMessageHandle(JavaScriptUtil.java:108)
at com.qa.gyruslearner.util.ElementUtil.doGetToastMessage(ElementUtil.java:151)
at com.qa.gyruslearner.pages.LoginPage.getToastMessage(LoginPage.java:166)
at com.qa.gyruslearner.testcases.ForgotPasswordPageTestCase.verifyValidUsernameAndCorrectAnswerTest(ForgotPasswordPageTestCase.java:232)
at java.base/jdk.internal.reflect.DirectMethodHandleAccessor.invoke(DirectMethodHandleAccessor.java:103)
at java.base/java.lang.reflect.Method.invoke(Method.java:580)
at org.testng.internal.invokers.MethodInvocationHelper.invokeMethod(MethodInvocationHelper.java:139)
at org.testng.internal.invokers.TestInvoker.invokeMethod(TestInvoker.java:664)
at org.testng.internal.invokers.TestInvoker.invokeTestMethod(TestInvoker.java:228)
at org.testng.internal.invokers.MethodRunner.runInSequence(MethodRunner.java:63)
at org.testng.internal.invokers.TestInvoker$MethodInvocationAgent.invoke(TestInvoker.java:961)
at org.testng.internal.invokers.TestInvoker.invokeTestMethods(TestInvoker.java:201)
at org.testng.internal.invokers.TestMethodWorker.invokeTestMethods(TestMethodWorker.java:148)
at org.testng.internal.invokers.TestMethodWorker.run(TestMethodWorker.java:128)
at java.base/java.util.ArrayList.forEach(ArrayList.java:1596)
at org.testng.TestRunner.privateRun(TestRunner.java:819)
at org.testng.TestRunner.run(TestRunner.java:619)
at org.testng.SuiteRunner.runTest(SuiteRunner.java:443)
at org.testng.SuiteRunner.runSequentially(SuiteRunner.java:437)
at org.testng.SuiteRunner.privateRun(SuiteRunner.java:397)
at org.testng.SuiteRunner.run(SuiteRunner.java:336)
at org.testng.SuiteRunnerWorker.runSuite(SuiteRunnerWorker.java:52)
at org.testng.SuiteRunnerWorker.run(SuiteRunnerWorker.java:95)
at org.testng.TestNG.runSuitesSequentially(TestNG.java:1301)
at org.testng.TestNG.runSuitesLocally(TestNG.java:1228)
at org.testng.TestNG.runSuites(TestNG.java:1134)
at org.testng.TestNG.run(TestNG.java:1101)
at org.testng.remote.AbstractRemoteTestNG.run(AbstractRemoteTestNG.java:115)
at org.testng.remote.RemoteTestNG.initAndRun(RemoteTestNG.java:293)
at org.testng.remote.RemoteTestNG.main(RemoteTestNG.java:91)
]]>
    </error>
  </testcase> <!-- verifyValidUsernameAndCorrectAnswerTest -->
  <testcase classname="com.qa.gyruslearner.testcases.ForgotPasswordPageTestCase" name="verifyIDontKnowMyUsernameShowsEmailFieldTest" time="4.317"/>
  <testcase classname="com.qa.gyruslearner.testcases.ForgotPasswordPageTestCase" name="verifySelectedUserNameOptionContinueButtonEnabledTest" time="0.033"/>
  <testcase classname="com.qa.gyruslearner.testcases.ForgotPasswordPageTestCase" name="verifyValidationForEmptyEmailTest" time="2.796"/>
  <testcase classname="com.qa.gyruslearner.testcases.ForgotPasswordPageTestCase" name="verifyUnregisteredEmailTest" time="2.870"/>
  <testcase classname="com.qa.gyruslearner.testcases.ForgotPasswordPageTestCase" name="verifyRegisteredEmailTest" time="4.994"/>
</testsuite> <!-- com.qa.gyruslearner.testcases.ForgotPasswordPageTestCase -->
